<?xml version="1.0" encoding="UTF-8"?>
<testng-results ignored="0" total="1" passed="1" failed="0" skipped="0">
  <reporter-output>
  </reporter-output>
  <suite started-at="2025-02-16T16:07:20 IST" name="Default suite" finished-at="2025-02-16T16:07:44 IST" duration-ms="23727">
    <groups>
    </groups>
    <test started-at="2025-02-16T16:07:20 IST" name="Default test" finished-at="2025-02-16T16:07:44 IST" duration-ms="23727">
      <class name="Tests.FlightSearchFunctionality">
        <test-method is-config="true" signature="Setup()[pri:0, instance:Tests.FlightSearchFunctionality@6a6cb05c]" started-at="2025-02-16T16:07:20 IST" name="Setup" finished-at="2025-02-16T16:07:27 IST" duration-ms="6361" status="PASS">
          <reporter-output>
          </reporter-output>
        </test-method> <!-- Setup -->
        <test-method signature="RoundTripFlightSearch()[pri:0, instance:Tests.FlightSearchFunctionality@6a6cb05c]" started-at="2025-02-16T16:07:27 IST" name="RoundTripFlightSearch" finished-at="2025-02-16T16:07:43 IST" duration-ms="16460" status="PASS">
          <reporter-output>
          </reporter-output>
        </test-method> <!-- RoundTripFlightSearch -->
        <test-method is-config="true" signature="End()[pri:0, instance:Tests.FlightSearchFunctionality@6a6cb05c]" started-at="2025-02-16T16:07:43 IST" name="End" finished-at="2025-02-16T16:07:44 IST" duration-ms="834" status="PASS">
          <reporter-output>
          </reporter-output>
        </test-method> <!-- End -->
      </class> <!-- Tests.FlightSearchFunctionality -->
    </test> <!-- Default test -->
  </suite> <!-- Default suite -->
</testng-results>
