<?xml version="1.0" encoding="UTF-8"?>
<testng-results ignored="0" total="1" passed="1" failed="0" skipped="0">
  <reporter-output>
  </reporter-output>
  <suite started-at="2025-02-15T17:08:17 IST" name="Default suite" finished-at="2025-02-15T17:08:30 IST" duration-ms="12593">
    <groups>
    </groups>
    <test started-at="2025-02-15T17:08:17 IST" name="Default test" finished-at="2025-02-15T17:08:30 IST" duration-ms="12593">
      <class name="Tests.FlightSearchFunctionality">
        <test-method is-config="true" signature="Setup()[pri:0, instance:Tests.FlightSearchFunctionality@6a6cb05c]" started-at="2025-02-15T17:08:17 IST" name="Setup" finished-at="2025-02-15T17:08:23 IST" duration-ms="5835" status="PASS">
          <reporter-output>
          </reporter-output>
        </test-method> <!-- Setup -->
        <test-method signature="RoundTripFlightSearch()[pri:0, instance:Tests.FlightSearchFunctionality@6a6cb05c]" started-at="2025-02-15T17:08:23 IST" name="RoundTripFlightSearch" finished-at="2025-02-15T17:08:29 IST" duration-ms="5950" status="PASS">
          <reporter-output>
          </reporter-output>
        </test-method> <!-- RoundTripFlightSearch -->
        <test-method is-config="true" signature="End()[pri:0, instance:Tests.FlightSearchFunctionality@6a6cb05c]" started-at="2025-02-15T17:08:29 IST" name="End" finished-at="2025-02-15T17:08:30 IST" duration-ms="761" status="PASS">
          <reporter-output>
          </reporter-output>
        </test-method> <!-- End -->
      </class> <!-- Tests.FlightSearchFunctionality -->
    </test> <!-- Default test -->
  </suite> <!-- Default suite -->
</testng-results>
